[debug] [2025-07-28T16:54:45.598Z] ----------------------------------------------------------------------
[debug] [2025-07-28T16:54:45.599Z] Command:       /Users/panapat/.nvm/versions/node/v22.14.0/bin/node /Users/panapat/.nvm/versions/node/v22.14.0/bin/firebase init hosting
[debug] [2025-07-28T16:54:45.599Z] CLI Version:   14.11.1
[debug] [2025-07-28T16:54:45.599Z] Platform:      darwin
[debug] [2025-07-28T16:54:45.599Z] Node Version:  v22.14.0
[debug] [2025-07-28T16:54:45.600Z] Time:          Mon Jul 28 2025 23:54:45 GMT+0700 (Indochina Time)
[debug] [2025-07-28T16:54:45.600Z] ----------------------------------------------------------------------
[debug] 
[debug] [2025-07-28T16:54:45.603Z] > command requires scopes: ["email","openid","https://www.googleapis.com/auth/cloudplatformprojects.readonly","https://www.googleapis.com/auth/firebase","https://www.googleapis.com/auth/cloud-platform"]
[debug] [2025-07-28T16:54:45.603Z] > authorizing via signed-in user (panapatwonganan@gmail.com)
[info] 
     ######## #### ########  ######## ########     ###     ######  ########
     ##        ##  ##     ## ##       ##     ##  ##   ##  ##       ##
     ######    ##  ########  ######   ########  #########  ######  ######
     ##        ##  ##    ##  ##       ##     ## ##     ##       ## ##
     ##       #### ##     ## ######## ########  ##     ##  ######  ########

You're about to initialize a Firebase project in this directory:

  /Users/panapat/khun_bebe/fitness-lms

[info] 
=== Project Setup
[info] 
[info] First, let's associate this project directory with a Firebase project.
[info] You can create multiple project aliases by running firebase use --add, 
[info] but for now we'll just set up a default project.
[info] 
